1615130226437	geckodriver	INFO	Listening on 127.0.0.1:49458
1615130229405	mozrunner::runner	INFO	Running command: "C:\\Program Files\\Mozilla Firefox\\firefox.exe" "--marionette" "-foreground" "-no-remote" "-profile" "C:\\Users\\wikto\\AppData\\Local\\Temp\\rust_mozprofileWzlkKQ"
JavaScript error: resource://gre/modules/XULStore.jsm, line 66: Error: Can't find profile directory.
console.warn: SearchSettings: "get: No settings file exists, new profile?" (new Error("", "(unknown module)"))
1615130232372	Marionette	INFO	Listening on port 49466
1615130232590	Marionette	WARN	TLS certificate errors will be ignored for this session
JavaScript error: resource://gre/modules/AsyncShutdown.jsm, line 716: Error: Phase "Sqlite.jsm: wait until all connections are closed" is finished, it is too late to register completion condition "protections.sqlite#0: waiting for shutdown"
1615130257987	Marionette	INFO	Stopped listening on port 49466

###!!! [Child][RunMessage] Error: Channel closing: too late to send/recv, messages will be lost

1615130260316	geckodriver	INFO	Listening on 127.0.0.1:49529
1615130263394	mozrunner::runner	INFO	Running command: "C:\\Program Files\\Mozilla Firefox\\firefox.exe" "--marionette" "-foreground" "-no-remote" "-profile" "C:\\Users\\wikto\\AppData\\Local\\Temp\\rust_mozprofileO2HiKC"
JavaScript error: resource://gre/modules/XULStore.jsm, line 66: Error: Can't find profile directory.
console.warn: SearchSettings: "get: No settings file exists, new profile?" (new Error("", "(unknown module)"))
1615130266096	Marionette	INFO	Listening on port 49537
1615130266621	Marionette	WARN	TLS certificate errors will be ignored for this session
console.error: (new TypeError("parent is null", "resource://devtools/client/inspector/shared/style-change-tracker.js", 67))
TypeError: parent is null: canMutationImpactCurrentStyles@resource://devtools/client/inspector/shared/style-change-tracker.js:67:24
onMutations@resource://devtools/client/inspector/shared/style-change-tracker.js:84:41
_emit@resource://devtools/shared/event-emitter.js:226:34
emit@resource://devtools/shared/event-emitter.js:172:18
emit@resource://devtools/shared/event-emitter.js:324:18
getMutations@resource://devtools/client/fronts/walker.js:358:10

console.error: (new TypeError("nodeFront.walkerFront is null", "resource://devtools/client/inspector/markup/markup.js", 952))
TypeError: nodeFront.walkerFront is null: _onNewSelection@resource://devtools/client/inspector/markup/markup.js:952:7
_emit@resource://devtools/shared/event-emitter.js:226:34
emit@resource://devtools/shared/event-emitter.js:172:18
emit@resource://devtools/shared/event-emitter.js:324:18
setNodeFront@resource://devtools/client/framework/selection.js:161:10
onDetached@resource://devtools/client/inspector/inspector.js:1637:20
_emit@resource://devtools/shared/event-emitter.js:226:34
emit@resource://devtools/shared/event-emitter.js:172:18
emit@resource://devtools/shared/event-emitter.js:324:18
_onMutations@resource://devtools/client/framework/selection.js:104:12
_emit@resource://devtools/shared/event-emitter.js:226:34
emit@resource://devtools/shared/event-emitter.js:172:18
emit@resource://devtools/shared/event-emitter.js:324:18
getMutations@resource://devtools/client/fronts/walker.js:358:10

console.error: (new Error("Can not send request 'getAllSelectors' because front 'domnode' is already destroyed.", "resource://devtools/shared/protocol/Front/FrontClassWithSpec.js", 28))
Error: Can not send request 'getAllSelectors' because front 'domnode' is already destroyed.: generateRequestMethods/</frontProto[name]@resource://devtools/shared/protocol/Front/FrontClassWithSpec.js:28:15
updateSelectionCssSelectors@resource://devtools/client/inspector/inspector.js:1451:32
onNewSelection@resource://devtools/client/inspector/inspector.js:1522:10
_emit@resource://devtools/shared/event-emitter.js:226:34
emit@resource://devtools/shared/event-emitter.js:172:18
emit@resource://devtools/shared/event-emitter.js:324:18
setNodeFront@resource://devtools/client/framework/selection.js:161:10
onDetached@resource://devtools/client/inspector/inspector.js:1637:20
_emit@resource://devtools/shared/event-emitter.js:226:34
emit@resource://devtools/shared/event-emitter.js:172:18
emit@resource://devtools/shared/event-emitter.js:324:18
_onMutations@resource://devtools/client/framework/selection.js:104:12
_emit@resource://devtools/shared/event-emitter.js:226:34
emit@resource://devtools/shared/event-emitter.js:172:18
emit@resource://devtools/shared/event-emitter.js:324:18
getMutations@resource://devtools/client/fronts/walker.js:358:10

console.error: (new TypeError("container.node.targetFront is null", "resource://devtools/client/inspector/markup/markup.js", 2305))
console.error: (new TypeError("container.node.targetFront is null", "resource://devtools/client/inspector/markup/markup.js", 2305))
console.error: (new TypeError("parent is null", "resource://devtools/client/inspector/shared/style-change-tracker.js", 67))
TypeError: parent is null: canMutationImpactCurrentStyles@resource://devtools/client/inspector/shared/style-change-tracker.js:67:24
onMutations@resource://devtools/client/inspector/shared/style-change-tracker.js:84:41
_emit@resource://devtools/shared/event-emitter.js:226:34
emit@resource://devtools/shared/event-emitter.js:172:18
emit@resource://devtools/shared/event-emitter.js:324:18
getMutations@resource://devtools/client/fronts/walker.js:358:10

1615130298437	Marionette	INFO	Stopped listening on port 49537

###!!! [Child][RunMessage] Error: Channel closing: too late to send/recv, messages will be lost

1615130299543	geckodriver	INFO	Listening on 127.0.0.1:49601
1615130302636	mozrunner::runner	INFO	Running command: "C:\\Program Files\\Mozilla Firefox\\firefox.exe" "--marionette" "-foreground" "-no-remote" "-profile" "C:\\Users\\wikto\\AppData\\Local\\Temp\\rust_mozprofile4b56rp"
JavaScript error: resource://gre/modules/XULStore.jsm, line 66: Error: Can't find profile directory.
console.warn: SearchSettings: "get: No settings file exists, new profile?" (new Error("", "(unknown module)"))
1615130305508	Marionette	INFO	Listening on port 49609
1615130305849	Marionette	WARN	TLS certificate errors will be ignored for this session
JavaScript error: resource://gre/modules/Sqlite.jsm, line 1030: Error: Sqlite.jsm has been shutdown. Cannot open connection to: C:\Users\wikto\AppData\Local\Temp\rust_mozprofile4b56rp\protections.sqlite

###!!! [Child][RunMessage] Error: Channel closing: too late to send/recv, messages will be lost

1615130336522	Marionette	INFO	Stopped listening on port 49609

###!!! [Child][RunMessage] Error: Channel closing: too late to send/recv, messages will be lost

1615130337658	geckodriver	INFO	Listening on 127.0.0.1:49677
1615130340751	mozrunner::runner	INFO	Running command: "C:\\Program Files\\Mozilla Firefox\\firefox.exe" "--marionette" "-foreground" "-no-remote" "-profile" "C:\\Users\\wikto\\AppData\\Local\\Temp\\rust_mozprofileCgrwlo"
JavaScript error: resource://gre/modules/XULStore.jsm, line 66: Error: Can't find profile directory.
console.warn: SearchSettings: "get: No settings file exists, new profile?" (new Error("", "(unknown module)"))
1615130343478	Marionette	INFO	Listening on port 49685
1615130343938	Marionette	WARN	TLS certificate errors will be ignored for this session
1615130361788	Marionette	INFO	Stopped listening on port 49685

###!!! [Child][RunMessage] Error: Channel closing: too late to send/recv, messages will be lost

1615130408592	geckodriver	INFO	Listening on 127.0.0.1:49746
1615130411685	mozrunner::runner	INFO	Running command: "C:\\Program Files\\Mozilla Firefox\\firefox.exe" "--marionette" "-foreground" "-no-remote" "-profile" "C:\\Users\\wikto\\AppData\\Local\\Temp\\rust_mozprofilexKvhnc"
JavaScript error: resource://gre/modules/XULStore.jsm, line 66: Error: Can't find profile directory.
console.warn: SearchSettings: "get: No settings file exists, new profile?" (new Error("", "(unknown module)"))
1615130414454	Marionette	INFO	Listening on port 49754
1615130414894	Marionette	WARN	TLS certificate errors will be ignored for this session

###!!! [Child][MessageChannel] Error: (msgtype=0x5B0009,name=PHttpChannel::Msg_DeletingChannel) Channel closing: too late to send/recv, messages will be lost

1615130495338	Marionette	INFO	Stopped listening on port 49754

###!!! [Child][RunMessage] Error: Channel closing: too late to send/recv, messages will be lost

1615130496506	geckodriver	INFO	Listening on 127.0.0.1:49822
1615130499599	mozrunner::runner	INFO	Running command: "C:\\Program Files\\Mozilla Firefox\\firefox.exe" "--marionette" "-foreground" "-no-remote" "-profile" "C:\\Users\\wikto\\AppData\\Local\\Temp\\rust_mozprofile5hWZwR"
JavaScript error: resource://gre/modules/XULStore.jsm, line 66: Error: Can't find profile directory.
console.warn: SearchSettings: "get: No settings file exists, new profile?" (new Error("", "(unknown module)"))
1615130502385	Marionette	INFO	Listening on port 49830
1615130502794	Marionette	WARN	TLS certificate errors will be ignored for this session
1615130559320	Marionette	INFO	Stopped listening on port 49830

###!!! [Child][RunMessage] Error: Channel closing: too late to send/recv, messages will be lost

1615130560746	geckodriver	INFO	Listening on 127.0.0.1:49893
1615130563839	mozrunner::runner	INFO	Running command: "C:\\Program Files\\Mozilla Firefox\\firefox.exe" "--marionette" "-foreground" "-no-remote" "-profile" "C:\\Users\\wikto\\AppData\\Local\\Temp\\rust_mozprofilefFfG60"
JavaScript error: resource://gre/modules/XULStore.jsm, line 66: Error: Can't find profile directory.
console.warn: SearchSettings: "get: No settings file exists, new profile?" (new Error("", "(unknown module)"))
1615130566541	Marionette	INFO	Listening on port 49901
1615130567058	Marionette	WARN	TLS certificate errors will be ignored for this session
1615130689190	Marionette	INFO	Stopped listening on port 49901

###!!! [Child][RunMessage] Error: Channel closing: too late to send/recv, messages will be lost

1615130690430	geckodriver	INFO	Listening on 127.0.0.1:49972
1615130693524	mozrunner::runner	INFO	Running command: "C:\\Program Files\\Mozilla Firefox\\firefox.exe" "--marionette" "-foreground" "-no-remote" "-profile" "C:\\Users\\wikto\\AppData\\Local\\Temp\\rust_mozprofileeSzItb"
JavaScript error: resource://gre/modules/XULStore.jsm, line 66: Error: Can't find profile directory.
console.warn: SearchSettings: "get: No settings file exists, new profile?" (new Error("", "(unknown module)"))
1615130696295	Marionette	INFO	Listening on port 49980
1615130696730	Marionette	WARN	TLS certificate errors will be ignored for this session
1615130772984	Marionette	INFO	Stopped listening on port 49980

###!!! [Child][RunMessage] Error: Channel closing: too late to send/recv, messages will be lost

1615136818543	geckodriver	INFO	Listening on 127.0.0.1:53828
1615136821636	mozrunner::runner	INFO	Running command: "C:\\Program Files\\Mozilla Firefox\\firefox.exe" "--marionette" "-foreground" "-no-remote" "-profile" "C:\\Users\\wikto\\AppData\\Local\\Temp\\rust_mozprofileY28ngV"
JavaScript error: resource://gre/modules/XULStore.jsm, line 66: Error: Can't find profile directory.
console.warn: SearchSettings: "get: No settings file exists, new profile?" (new Error("", "(unknown module)"))
1615136824539	Marionette	INFO	Listening on port 53836
1615136824842	Marionette	WARN	TLS certificate errors will be ignored for this session
console.error: (new TypeError("parent is null", "resource://devtools/client/inspector/shared/style-change-tracker.js", 67))
TypeError: parent is null: canMutationImpactCurrentStyles@resource://devtools/client/inspector/shared/style-change-tracker.js:67:24
onMutations@resource://devtools/client/inspector/shared/style-change-tracker.js:84:41
_emit@resource://devtools/shared/event-emitter.js:226:34
emit@resource://devtools/shared/event-emitter.js:172:18
emit@resource://devtools/shared/event-emitter.js:324:18
getMutations@resource://devtools/client/fronts/walker.js:358:10

console.error: (new TypeError("nodeFront.walkerFront is null", "resource://devtools/client/inspector/markup/markup.js", 952))
TypeError: nodeFront.walkerFront is null: _onNewSelection@resource://devtools/client/inspector/markup/markup.js:952:7
_emit@resource://devtools/shared/event-emitter.js:226:34
emit@resource://devtools/shared/event-emitter.js:172:18
emit@resource://devtools/shared/event-emitter.js:324:18
setNodeFront@resource://devtools/client/framework/selection.js:161:10
onDetached@resource://devtools/client/inspector/inspector.js:1637:20
_emit@resource://devtools/shared/event-emitter.js:226:34
emit@resource://devtools/shared/event-emitter.js:172:18
emit@resource://devtools/shared/event-emitter.js:324:18
_onMutations@resource://devtools/client/framework/selection.js:104:12
_emit@resource://devtools/shared/event-emitter.js:226:34
emit@resource://devtools/shared/event-emitter.js:172:18
emit@resource://devtools/shared/event-emitter.js:324:18
getMutations@resource://devtools/client/fronts/walker.js:358:10

console.error: (new Error("Can not send request 'getAllSelectors' because front 'domnode' is already destroyed.", "resource://devtools/shared/protocol/Front/FrontClassWithSpec.js", 28))
Error: Can not send request 'getAllSelectors' because front 'domnode' is already destroyed.: generateRequestMethods/</frontProto[name]@resource://devtools/shared/protocol/Front/FrontClassWithSpec.js:28:15
updateSelectionCssSelectors@resource://devtools/client/inspector/inspector.js:1451:32
onNewSelection@resource://devtools/client/inspector/inspector.js:1522:10
_emit@resource://devtools/shared/event-emitter.js:226:34
emit@resource://devtools/shared/event-emitter.js:172:18
emit@resource://devtools/shared/event-emitter.js:324:18
setNodeFront@resource://devtools/client/framework/selection.js:161:10
onDetached@resource://devtools/client/inspector/inspector.js:1637:20
_emit@resource://devtools/shared/event-emitter.js:226:34
emit@resource://devtools/shared/event-emitter.js:172:18
emit@resource://devtools/shared/event-emitter.js:324:18
_onMutations@resource://devtools/client/framework/selection.js:104:12
_emit@resource://devtools/shared/event-emitter.js:226:34
emit@resource://devtools/shared/event-emitter.js:172:18
emit@resource://devtools/shared/event-emitter.js:324:18
getMutations@resource://devtools/client/fronts/walker.js:358:10

console.error: (new TypeError("container.node.targetFront is null", "resource://devtools/client/inspector/markup/markup.js", 2305))
console.error: (new TypeError("container.node.targetFront is null", "resource://devtools/client/inspector/markup/markup.js", 2305))
console.error: (new TypeError("parent is null", "resource://devtools/client/inspector/shared/style-change-tracker.js", 67))
TypeError: parent is null: canMutationImpactCurrentStyles@resource://devtools/client/inspector/shared/style-change-tracker.js:67:24
onMutations@resource://devtools/client/inspector/shared/style-change-tracker.js:84:41
_emit@resource://devtools/shared/event-emitter.js:226:34
emit@resource://devtools/shared/event-emitter.js:172:18
emit@resource://devtools/shared/event-emitter.js:324:18
getMutations@resource://devtools/client/fronts/walker.js:358:10

console.warn: LoginRecipes: "getRecipes: falling back to a synchronous message for:" "https://pl-pl.facebook.com"
console.warn: LoginRecipes: "getRecipes: falling back to a synchronous message for:" "https://pl-pl.facebook.com"
1615137053216	Marionette	INFO	Stopped listening on port 53836

###!!! [Child][RunMessage] Error: Channel closing: too late to send/recv, messages will be lost

1615137055683	geckodriver	INFO	Listening on 127.0.0.1:53938
1615137058761	mozrunner::runner	INFO	Running command: "C:\\Program Files\\Mozilla Firefox\\firefox.exe" "--marionette" "-foreground" "-no-remote" "-profile" "C:\\Users\\wikto\\AppData\\Local\\Temp\\rust_mozprofileUeIIZ2"
JavaScript error: resource://gre/modules/XULStore.jsm, line 66: Error: Can't find profile directory.
console.warn: SearchSettings: "get: No settings file exists, new profile?" (new Error("", "(unknown module)"))
1615137061640	Marionette	INFO	Listening on port 53946
1615137061974	Marionette	WARN	TLS certificate errors will be ignored for this session
1615137089470	Marionette	INFO	Stopped listening on port 53946

###!!! [Child][RunMessage] Error: Channel closing: too late to send/recv, messages will be lost

1615137090709	geckodriver	INFO	Listening on 127.0.0.1:54009
1615137093802	mozrunner::runner	INFO	Running command: "C:\\Program Files\\Mozilla Firefox\\firefox.exe" "--marionette" "-foreground" "-no-remote" "-profile" "C:\\Users\\wikto\\AppData\\Local\\Temp\\rust_mozprofileDcAFUL"
JavaScript error: resource://gre/modules/XULStore.jsm, line 66: Error: Can't find profile directory.
console.warn: SearchSettings: "get: No settings file exists, new profile?" (new Error("", "(unknown module)"))
1615137096637	Marionette	INFO	Listening on port 54017
1615137097023	Marionette	WARN	TLS certificate errors will be ignored for this session
1615137099163	Marionette	INFO	Stopped listening on port 54017

###!!! [Child][RunMessage] Error: Channel closing: too late to send/recv, messages will be lost

1615137104592	geckodriver	INFO	Listening on 127.0.0.1:54067
1615137107685	mozrunner::runner	INFO	Running command: "C:\\Program Files\\Mozilla Firefox\\firefox.exe" "--marionette" "-foreground" "-no-remote" "-profile" "C:\\Users\\wikto\\AppData\\Local\\Temp\\rust_mozprofileWmytN0"
JavaScript error: resource://gre/modules/XULStore.jsm, line 66: Error: Can't find profile directory.
console.warn: SearchSettings: "get: No settings file exists, new profile?" (new Error("", "(unknown module)"))
1615137110560	Marionette	INFO	Listening on port 54075
1615137110885	Marionette	WARN	TLS certificate errors will be ignored for this session
1615137151155	Marionette	INFO	Stopped listening on port 54075

###!!! [Child][RunMessage] Error: Channel closing: too late to send/recv, messages will be lost

1615137152234	geckodriver	INFO	Listening on 127.0.0.1:54138
1615137155327	mozrunner::runner	INFO	Running command: "C:\\Program Files\\Mozilla Firefox\\firefox.exe" "--marionette" "-foreground" "-no-remote" "-profile" "C:\\Users\\wikto\\AppData\\Local\\Temp\\rust_mozprofiletrOADy"
JavaScript error: resource://gre/modules/XULStore.jsm, line 66: Error: Can't find profile directory.
console.warn: SearchSettings: "get: No settings file exists, new profile?" (new Error("", "(unknown module)"))
1615137158099	Marionette	INFO	Listening on port 54146
1615137158516	Marionette	WARN	TLS certificate errors will be ignored for this session
1615137500486	Marionette	INFO	Stopped listening on port 54146

###!!! [Child][RunMessage] Error: Channel closing: too late to send/recv, messages will be lost

"--marionette" "-foreground" "-no-remote" "-profile" "C:\\Users\\wikto\\AppData\\Local\\Temp\\rust_mozprofilembUKAK"
JavaScript error: resource://gre/modules/XULStore.jsm, line 66: Error: Can't find profile directory.
console.warn: SearchSettings: "get: No settings file exists, new profile?" (new Error("", "(unknown module)"))
1615137275228	Marionette	INFO	Listening on port 54218
1615137275657	Marionette	WARN	TLS certificate errors will be ignored for this session
1615137512173	Marionette	INFO	Stopped listening on port 54218

###!!! [Child][RunMessage] Error: Channel closing: too late to send/recv, messages will be lost

1615137614340	geckodriver	INFO	Listening on 127.0.0.1:54287
1615137617418	mozrunner::runner	INFO	Running command: "C:\\Program Files\\Mozilla Firefox\\firefox.exe" "--marionette" "-foreground" "-no-remote" "-profile" "C:\\Users\\wikto\\AppData\\Local\\Temp\\rust_mozprofilegoLvkO"
JavaScript error: resource://gre/modules/XULStore.jsm, line 66: Error: Can't find profile directory.
console.warn: SearchSettings: "get: No settings file exists, new profile?" (new Error("", "(unknown module)"))
1615137620190	Marionette	INFO	Listening on port 54295
1615137620635	Marionette	WARN	TLS certificate errors will be ignored for this session
[Child 16272, IPC I/O Child] WARNING: pipe error: 232: file /builds/worker/checkouts/gecko/ipc/chromium/src/chrome/common/ipc_channel_win.cc:545
[Child 16272, IPC I/O Child] WARNING: pipe error: 232: file /builds/worker/checkouts/gecko/ipc/chromium/src/chrome/common/ipc_channel_win.cc:545
1615137657317	Marionette	INFO	Stopped listening on port 54295

###!!! [Child][RunMessage] Error: Channel closing: too late to send/recv, messages will be lost

1615137658775	geckodriver	INFO	Listening on 127.0.0.1:54357
1615137661869	mozrunner::runner	INFO	Running command: "C:\\Program Files\\Mozilla Firefox\\firefox.exe" "--marionette" "-foreground" "-no-remote" "-profile" "C:\\Users\\wikto\\AppData\\Local\\Temp\\rust_mozprofileZNSIsJ"
JavaScript error: resource://gre/modules/XULStore.jsm, line 66: Error: Can't find profile directory.
console.warn: SearchSettings: "get: No settings file exists, new profile?" (new Error("", "(unknown module)"))
1615137664563	Marionette	INFO	Listening on port 54365
1615137665074	Marionette	WARN	TLS certificate errors will be ignored for this session
console.warn: LoginRecipes: "getRecipes: falling back to a synchronous message for:" "https://pl-pl.facebook.com"
console.warn: LoginRecipes: "getRecipes: falling back to a synchronous message for:" "https://pl-pl.facebook.com"

###!!! [Child][RunMessage] Error: Channel closing: too late to send/recv, messages will be lost

1615137763146	Marionette	INFO	Stopped listening on port 54365

###!!! [Child][RunMessage] Error: Channel closing: too late to send/recv, messages will be lost

1615137768670	geckodriver	INFO	Listening on 127.0.0.1:54429
1615137771748	mozrunner::runner	INFO	Running command: "C:\\Program Files\\Mozilla Firefox\\firefox.exe" "--marionette" "-foreground" "-no-remote" "-profile" "C:\\Users\\wikto\\AppData\\Local\\Temp\\rust_mozprofileLNGJyY"
JavaScript error: resource://gre/modules/XULStore.jsm, line 66: Error: Can't find profile directory.
console.warn: SearchSettings: "get: No settings file exists, new profile?" (new Error("", "(unknown module)"))
1615137774452	Marionette	INFO	Listening on port 54437
1615137774939	Marionette	WARN	TLS certificate errors will be ignored for this session
1615137836521	Marionette	INFO	Stopped listening on port 54437

###!!! [Child][RunMessage] Error: Channel closing: too late to send/recv, messages will be lost

1615137837956	geckodriver	INFO	Listening on 127.0.0.1:54501
1615137841034	mozrunner::runner	INFO	Running command: "C:\\Program Files\\Mozilla Firefox\\firefox.exe" "--marionette" "-foreground" "-no-remote" "-profile" "C:\\Users\\wikto\\AppData\\Local\\Temp\\rust_mozprofileiTlnQe"
JavaScript error: resource://gre/modules/XULStore.jsm, line 66: Error: Can't find profile directory.
console.warn: SearchSettings: "get: No settings file exists, new profile?" (new Error("", "(unknown module)"))
1615137843744	Marionette	INFO	Listening on port 54509
1615137844244	Marionette	WARN	TLS certificate errors will be ignored for this session
[Child 5424, IPC I/O Child] WARNING: pipe error: 232: file /builds/worker/checkouts/gecko/ipc/chromium/src/chrome/common/ipc_channel_win.cc:545

###!!! [Child][MessageChannel] Error: (msgtype=0x6B0027,name=PNecko::Msg_RemoveRequestContext) Channel closing: too late to send/recv, messages will be lost

1615137866957	Marionette	INFO	Stopped listening on port 54509

###!!! [Child][RunMessage] Error: Channel closing: too late to send/recv, messages will be lost

1615137872201	geckodriver	INFO	Listening on 127.0.0.1:54578
1615137875294	mozrunner::runner	INFO	Running command: "C:\\Program Files\\Mozilla Firefox\\firefox.exe" "--marionette" "-foreground" "-no-remote" "-profile" "C:\\Users\\wikto\\AppData\\Local\\Temp\\rust_mozprofilerwzYpc"
JavaScript error: resource://gre/modules/XULStore.jsm, line 66: Error: Can't find profile directory.
console.warn: SearchSettings: "get: No settings file exists, new profile?" (new Error("", "(unknown module)"))
1615137878139	Marionette	INFO	Listening on port 54586
1615137878501	Marionette	WARN	TLS certificate errors will be ignored for this session
JavaScript error: resource://devtools/shared/protocol/Front.js, line 99: Error: Connection closed, pending request to server0.conn0.child3/domnode1410, type setNodeValue failed

Request stack:
request@resource://devtools/shared/protocol/Front.js:288:14
generateRequestMethods/</frontProto[name]@resource://devtools/shared/protocol/Front/FrontClassWithSpec.js:46:19
showTextEditor/done/</<@resource://devtools/client/inspector/markup/views/text-editor.js:101:25
do@resource://devtools/client/shared/undo.js:70:16
endBatch@resource://devtools/client/shared/undo.js:81:11
do@resource://devtools/client/shared/undo.js:93:10
showTextEditor/done/<@resource://devtools/client/inspector/markup/views/text-editor.js:99:31
process@resource://gre/modules/Promise-backend.js:961:38
walkerLoop@resource://gre/modules/Promise-backend.js:845:29
Promise*scheduleWalkerLoop@resource://gre/modules/Promise-backend.js:775:19
schedulePromise@resource://gre/modules/Promise-backend.js:809:12
completePromise@resource://gre/modules/Promise-backend.js:741:12

[Child 12292, IPC I/O Child] WARNING: pipe error: 232: file /builds/worker/checkouts/gecko/ipc/chromium/src/chrome/common/ipc_channel_win.cc:545
[Child 12292, IPC I/O Child] WARNING: pipe error: 232: file /builds/worker/checkouts/gecko/ipc/chromium/src/chrome/common/ipc_channel_win.cc:545
1615137906512	Marionette	INFO	Stopped listening on port 54586

###!!! [Child][RunMessage] Error: Channel closing: too late to send/recv, messages will be lost

1615137967348	geckodriver	INFO	Listening on 127.0.0.1:54649
1615137970441	mozrunner::runner	INFO	Running command: "C:\\Program Files\\Mozilla Firefox\\firefox.exe" "--marionette" "-foreground" "-no-remote" "-profile" "C:\\Users\\wikto\\AppData\\Local\\Temp\\rust_mozprofileJdzjX9"
JavaScript error: resource://gre/modules/XULStore.jsm, line 66: Error: Can't find profile directory.
console.warn: SearchSettings: "get: No settings file exists, new profile?" (new Error("", "(unknown module)"))
1615137973132	Marionette	INFO	Listening on port 54657
1615137973156	Marionette	WARN	TLS certificate errors will be ignored for this session
1615137995826	Marionette	INFO	Stopped listening on port 54657

###!!! [Child][RunMessage] Error: Channel closing: too late to send/recv, messages will be lost

1615137997364	geckodriver	INFO	Listening on 127.0.0.1:54711
1615138000458	mozrunner::runner	INFO	Running command: "C:\\Program Files\\Mozilla Firefox\\firefox.exe" "--marionette" "-foreground" "-no-remote" "-profile" "C:\\Users\\wikto\\AppData\\Local\\Temp\\rust_mozprofilef1JkeQ"
JavaScript error: resource://gre/modules/XULStore.jsm, line 66: Error: Can't find profile directory.
console.warn: SearchSettings: "get: No settings file exists, new profile?" (new Error("", "(unknown module)"))
1615138003178	Marionette	INFO	Listening on port 54719
1615138003722	Marionette	WARN	TLS certificate errors will be ignored for this session
console.error: (new TypeError("parent is null", "resource://devtools/client/inspector/shared/style-change-tracker.js", 67))
TypeError: parent is null: canMutationImpactCurrentStyles@resource://devtools/client/inspector/shared/style-change-tracker.js:67:24
onMutations@resource://devtools/client/inspector/shared/style-change-tracker.js:84:41
_emit@resource://devtools/shared/event-emitter.js:226:34
emit@resource://devtools/shared/event-emitter.js:172:18
emit@resource://devtools/shared/event-emitter.js:324:18
getMutations@resource://devtools/client/fronts/walker.js:358:10

console.error: (new TypeError("nodeFront.walkerFront is null", "resource://devtools/client/inspector/markup/markup.js", 952))
TypeError: nodeFront.walkerFront is null: _onNewSelection@resource://devtools/client/inspector/markup/markup.js:952:7
_emit@resource://devtools/shared/event-emitter.js:226:34
emit@resource://devtools/shared/event-emitter.js:172:18
emit@resource://devtools/shared/event-emitter.js:324:18
setNodeFront@resource://devtools/client/framework/selection.js:161:10
onDetached@resource://devtools/client/inspector/inspector.js:1637:20
_emit@resource://devtools/shared/event-emitter.js:226:34
emit@resource://devtools/shared/event-emitter.js:172:18
emit@resource://devtools/shared/event-emitter.js:324:18
_onMutations@resource://devtools/client/framework/selection.js:104:12
_emit@resource://devtools/shared/event-emitter.js:226:34
emit@resource://devtools/shared/event-emitter.js:172:18
emit@resource://devtools/shared/event-emitter.js:324:18
getMutations@resource://devtools/client/fronts/walker.js:358:10

console.error: (new Error("Can not send request 'getAllSelectors' because front 'domnode' is already destroyed.", "resource://devtools/shared/protocol/Front/FrontClassWithSpec.js", 28))
Error: Can not send request 'getAllSelectors' because front 'domnode' is already destroyed.: generateRequestMethods/</frontProto[name]@resource://devtools/shared/protocol/Front/FrontClassWithSpec.js:28:15
updateSelectionCssSelectors@resource://devtools/client/inspector/inspector.js:1451:32
onNewSelection@resource://devtools/client/inspector/inspector.js:1522:10
_emit@resource://devtools/shared/event-emitter.js:226:34
emit@resource://devtools/shared/event-emitter.js:172:18
emit@resource://devtools/shared/event-emitter.js:324:18
setNodeFront@resource://devtools/client/framework/selection.js:161:10
onDetached@resource://devtools/client/inspector/inspector.js:1637:20
_emit@resource://devtools/shared/event-emitter.js:226:34
emit@resource://devtools/shared/event-emitter.js:172:18
emit@resource://devtools/shared/event-emitter.js:324:18
_onMutations@resource://devtools/client/framework/selection.js:104:12
_emit@resource://devtools/shared/event-emitter.js:226:34
emit@resource://devtools/shared/event-emitter.js:172:18
emit@resource://devtools/shared/event-emitter.js:324:18
getMutations@resource://devtools/client/fronts/walker.js:358:10

console.error: (new TypeError("container.node.targetFront is null", "resource://devtools/client/inspector/markup/markup.js", 2305))
console.error: (new TypeError("container.node.targetFront is null", "resource://devtools/client/inspector/markup/markup.js", 2305))
console.error: (new TypeError("parent is null", "resource://devtools/client/inspector/shared/style-change-tracker.js", 67))
TypeError: parent is null: canMutationImpactCurrentStyles@resource://devtools/client/inspector/shared/style-change-tracker.js:67:24
onMutations@resource://devtools/client/inspector/shared/style-change-tracker.js:84:41
_emit@resource://devtools/shared/event-emitter.js:226:34
emit@resource://devtools/shared/event-emitter.js:172:18
emit@resource://devtools/shared/event-emitter.js:324:18
getMutations@resource://devtools/client/fronts/walker.js:358:10

1615138079435	Marionette	INFO	Stopped listening on port 54719

###!!! [Child][RunMessage] Error: Channel closing: too late to send/recv, messages will be lost

1615138193986	geckodriver	INFO	Listening on 127.0.0.1:54987
1615138197050	mozrunner::runner	INFO	Running command: "C:\\Program Files\\Mozilla Firefox\\firefox.exe" "--marionette" "-foreground" "-no-remote" "-profile" "C:\\Users\\wikto\\AppData\\Local\\Temp\\rust_mozprofileWdwR6u"
JavaScript error: resource://gre/modules/XULStore.jsm, line 66: Error: Can't find profile directory.
console.warn: SearchSettings: "get: No settings file exists, new profile?" (new Error("", "(unknown module)"))
1615138199921	Marionette	INFO	Listening on port 54995
1615138200254	Marionette	WARN	TLS certificate errors will be ignored for this session
console.warn: LoginRecipes: "getRecipes: falling back to a synchronous message for:" "https://pl-pl.facebook.com"
1615138246506	Marionette	INFO	Stopped listening on port 54995

###!!! [Child][RunMessage] Error: Channel closing: too late to send/recv, messages will be lost

1615138247630	geckodriver	INFO	Listening on 127.0.0.1:55060
1615138250739	mozrunner::runner	INFO	Running command: "C:\\Program Files\\Mozilla Firefox\\firefox.exe" "--marionette" "-foreground" "-no-remote" "-profile" "C:\\Users\\wikto\\AppData\\Local\\Temp\\rust_mozprofileeBZabn"
JavaScript error: resource://gre/modules/XULStore.jsm, line 66: Error: Can't find profile directory.
console.warn: SearchSettings: "get: No settings file exists, new profile?" (new Error("", "(unknown module)"))
1615138253436	Marionette	INFO	Listening on port 55068
1615138253917	Marionette	WARN	TLS certificate errors will be ignored for this session
1615138299756	Marionette	INFO	Stopped listening on port 55068

###!!! [Child][RunMessage] Error: Channel closing: too late to send/recv, messages will be lost

1615138300943	geckodriver	INFO	Listening on 127.0.0.1:55188
1615138304036	mozrunner::runner	INFO	Running command: "C:\\Program Files\\Mozilla Firefox\\firefox.exe" "--marionette" "-foreground" "-no-remote" "-profile" "C:\\Users\\wikto\\AppData\\Local\\Temp\\rust_mozprofilecAxei3"
JavaScript error: resource://gre/modules/XULStore.jsm, line 66: Error: Can't find profile directory.
console.warn: SearchSettings: "get: No settings file exists, new profile?" (new Error("", "(unknown module)"))
1615138306721	Marionette	INFO	Listening on port 55196
1615138307223	Marionette	WARN	TLS certificate errors will be ignored for this session
console.warn: LoginRecipes: "getRecipes: falling back to a synchronous message for:" "https://www.messenger.com"
1615138434512	Marionette	INFO	Stopped listening on port 55196

###!!! [Child][RunMessage] Error: Channel closing: too late to send/recv, messages will be lost

1615138436165	geckodriver	INFO	Listening on 127.0.0.1:55267
1615138439258	mozrunner::runner	INFO	Running command: "C:\\Program Files\\Mozilla Firefox\\firefox.exe" "--marionette" "-foreground" "-no-remote" "-profile" "C:\\Users\\wikto\\AppData\\Local\\Temp\\rust_mozprofileLehf8Y"
JavaScript error: resource://gre/modules/XULStore.jsm, line 66: Error: Can't find profile directory.
console.warn: SearchSettings: "get: No settings file exists, new profile?" (new Error("", "(unknown module)"))
1615138442038	Marionette	INFO	Listening on port 55275
1615138442449	Marionette	WARN	TLS certificate errors will be ignored for this session
1615138573525	Marionette	INFO	Stopped listening on port 55275

###!!! [Child][RunMessage] Error: Channel closing: too late to send/recv, messages will be lost

1615138574793	geckodriver	INFO	Listening on 127.0.0.1:55346
1615138577886	mozrunner::runner	INFO	Running command: "C:\\Program Files\\Mozilla Firefox\\firefox.exe" "--marionette" "-foreground" "-no-remote" "-profile" "C:\\Users\\wikto\\AppData\\Local\\Temp\\rust_mozprofilejiFqUI"
JavaScript error: resource://gre/modules/XULStore.jsm, line 66: Error: Can't find profile directory.
console.warn: SearchSettings: "get: No settings file exists, new profile?" (new Error("", "(unknown module)"))
1615138580644	Marionette	INFO	Listening on port 55354
1615138581070	Marionette	WARN	TLS certificate errors will be ignored for this session
1615138894876	Marionette	INFO	Stopped listening on port 55354

###!!! [Child][RunMessage] Error: Channel closing: too late to send/recv, messages will be lost

"--marionette" "-foreground" "-no-remote" "-profile" "C:\\Users\\wikto\\AppData\\Local\\Temp\\rust_mozprofileF6Z2hN"
JavaScript error: resource://gre/modules/XULStore.jsm, line 66: Error: Can't find profile directory.
console.warn: SearchSettings: "get: No settings file exists, new profile?" (new Error("", "(unknown module)"))
1615138863757	Marionette	INFO	Listening on port 55445
1615138864091	Marionette	WARN	TLS certificate errors will be ignored for this session
[Child 11648, IPC I/O Child] WARNING: pipe error: 232: file /builds/worker/checkouts/gecko/ipc/chromium/src/chrome/common/ipc_channel_win.cc:545

###!!! [Child][MessageChannel] Error: (msgtype=0x6B0027,name=PNecko::Msg_RemoveRequestContext) Channel closing: too late to send/recv, messages will be lost

1615138894940	Marionette	INFO	Stopped listening on port 55445

###!!! [Child][RunMessage] Error: Channel closing: too late to send/recv, messages will be lost

1615138895820	geckodriver	INFO	Listening on 127.0.0.1:55512
1615138898897	mozrunner::runner	INFO	Running command: "C:\\Program Files\\Mozilla Firefox\\firefox.exe" "--marionette" "-foreground" "-no-remote" "-profile" "C:\\Users\\wikto\\AppData\\Local\\Temp\\rust_mozprofile8TDiFI"
JavaScript error: resource://gre/modules/XULStore.jsm, line 66: Error: Can't find profile directory.
console.warn: SearchSettings: "get: No settings file exists, new profile?" (new Error("", "(unknown module)"))
1615138901630	Marionette	INFO	Listening on port 55520
1615138902097	Marionette	WARN	TLS certificate errors will be ignored for this session

###!!! [Child][RunMessage] Error: Channel closing: too late to send/recv, messages will be lost

1615138927265	Marionette	INFO	Stopped listening on port 55520

###!!! [Child][RunMessage] Error: Channel closing: too late to send/recv, messages will be lost

1615138928335	geckodriver	INFO	Listening on 127.0.0.1:55586
1615138931428	mozrunner::runner	INFO	Running command: "C:\\Program Files\\Mozilla Firefox\\firefox.exe" "--marionette" "-foreground" "-no-remote" "-profile" "C:\\Users\\wikto\\AppData\\Local\\Temp\\rust_mozprofileW2Erca"
JavaScript error: resource://gre/modules/XULStore.jsm, line 66: Error: Can't find profile directory.
console.warn: SearchSettings: "get: No settings file exists, new profile?" (new Error("", "(unknown module)"))
1615138934152	Marionette	INFO	Listening on port 55594
1615138934628	Marionette	WARN	TLS certificate errors will be ignored for this session

###!!! [Child][RunMessage] Error: Channel closing: too late to send/recv, messages will be lost

1615139073406	Marionette	INFO	Stopped listening on port 55594

###!!! [Child][RunMessage] Error: Channel closing: too late to send/recv, messages will be lost

1615139074845	geckodriver	INFO	Listening on 127.0.0.1:55667
1615139077924	mozrunner::runner	INFO	Running command: "C:\\Program Files\\Mozilla Firefox\\firefox.exe" "--marionette" "-foreground" "-no-remote" "-profile" "C:\\Users\\wikto\\AppData\\Local\\Temp\\rust_mozprofilec1pLwp"
JavaScript error: resource://gre/modules/XULStore.jsm, line 66: Error: Can't find profile directory.
console.warn: SearchSettings: "get: No settings file exists, new profile?" (new Error("", "(unknown module)"))
1615139080604	Marionette	INFO	Listening on port 55675
1615139081151	Marionette	WARN	TLS certificate errors will be ignored for this session
1615139128387	Marionette	INFO	Stopped listening on port 55675

###!!! [Child][RunMessage] Error: Channel closing: too late to send/recv, messages will be lost

1615139129737	geckodriver	INFO	Listening on 127.0.0.1:55742
1615139132814	mozrunner::runner	INFO	Running command: "C:\\Program Files\\Mozilla Firefox\\firefox.exe" "--marionette" "-foreground" "-no-remote" "-profile" "C:\\Users\\wikto\\AppData\\Local\\Temp\\rust_mozprofileWYmCne"
JavaScript error: resource://gre/modules/XULStore.jsm, line 66: Error: Can't find profile directory.
console.warn: SearchSettings: "get: No settings file exists, new profile?" (new Error("", "(unknown module)"))
1615139135581	Marionette	INFO	Listening on port 55750
1615139136025	Marionette	WARN	TLS certificate errors will be ignored for this session
1615139163651	Marionette	INFO	Stopped listening on port 55750

###!!! [Child][RunMessage] Error: Channel closing: too late to send/recv, messages will be lost

1615139175428	geckodriver	INFO	Listening on 127.0.0.1:55834
1615139178505	mozrunner::runner	INFO	Running command: "C:\\Program Files\\Mozilla Firefox\\firefox.exe" "--marionette" "-foreground" "-no-remote" "-profile" "C:\\Users\\wikto\\AppData\\Local\\Temp\\rust_mozprofileL8qTYJ"
JavaScript error: resource://gre/modules/XULStore.jsm, line 66: Error: Can't find profile directory.
console.warn: SearchSettings: "get: No settings file exists, new profile?" (new Error("", "(unknown module)"))
1615139181232	Marionette	INFO	Listening on port 55842
1615139181703	Marionette	WARN	TLS certificate errors will be ignored for this session
1615139207805	Marionette	INFO	Stopped listening on port 55842

###!!! [Child][RunMessage] Error: Channel closing: too late to send/recv, messages will be lost

1615139209082	geckodriver	INFO	Listening on 127.0.0.1:55918
1615139212175	mozrunner::runner	INFO	Running command: "C:\\Program Files\\Mozilla Firefox\\firefox.exe" "--marionette" "-foreground" "-no-remote" "-profile" "C:\\Users\\wikto\\AppData\\Local\\Temp\\rust_mozprofileD2qSp5"
JavaScript error: resource://gre/modules/XULStore.jsm, line 66: Error: Can't find profile directory.
console.warn: SearchSettings: "get: No settings file exists, new profile?" (new Error("", "(unknown module)"))
1615139214881	Marionette	INFO	Listening on port 55926
1615139215392	Marionette	WARN	TLS certificate errors will be ignored for this session

###!!! [Child][MessageChannel] Error: (msgtype=0x3A0146,name=PContent::Msg_ScriptError) Channel closing: too late to send/recv, messages will be lost


###!!! [Child][MessageChannel] Error: (msgtype=0xB60006,name=PWebSocket::Msg_DeleteSelf) Channel closing: too late to send/recv, messages will be lost


###!!! [Child][RunMessage] Error: Channel closing: too late to send/recv, messages will be lost

1615139328742	Marionette	INFO	Stopped listening on port 55926

###!!! [Child][RunMessage] Error: Channel closing: too late to send/recv, messages will be lost

1615139337767	geckodriver	INFO	Listening on 127.0.0.1:56010
1615139340876	mozrunner::runner	INFO	Running command: "C:\\Program Files\\Mozilla Firefox\\firefox.exe" "--marionette" "-foreground" "-no-remote" "-profile" "C:\\Users\\wikto\\AppData\\Local\\Temp\\rust_mozprofiletd56kP"
JavaScript error: resource://gre/modules/XULStore.jsm, line 66: Error: Can't find profile directory.
console.warn: SearchSettings: "get: No settings file exists, new profile?" (new Error("", "(unknown module)"))
1615139343547	Marionette	INFO	Listening on port 56018
1615139343583	Marionette	WARN	TLS certificate errors will be ignored for this session

###!!! [Child][RunMessage] Error: Channel closing: too late to send/recv, messages will be lost

1615139389821	Marionette	INFO	Stopped listening on port 56018

###!!! [Child][RunMessage] Error: Channel closing: too late to send/recv, messages will be lost

1615139392908	geckodriver	INFO	Listening on 127.0.0.1:56086
1615139395986	mozrunner::runner	INFO	Running command: "C:\\Program Files\\Mozilla Firefox\\firefox.exe" "--marionette" "-foreground" "-no-remote" "-profile" "C:\\Users\\wikto\\AppData\\Local\\Temp\\rust_mozprofilenHg5po"
JavaScript error: resource://gre/modules/XULStore.jsm, line 66: Error: Can't find profile directory.
console.warn: SearchSettings: "get: No settings file exists, new profile?" (new Error("", "(unknown module)"))
1615139398610	Marionette	INFO	Listening on port 56094
1615139398701	Marionette	WARN	TLS certificate errors will be ignored for this session
JavaScript error: resource://devtools/shared/protocol/Front.js, line 99: Error: Connection closed, pending request to server0.conn0.child3/domnode124, type setNodeValue failed

Request stack:
request@resource://devtools/shared/protocol/Front.js:288:14
generateRequestMethods/</frontProto[name]@resource://devtools/shared/protocol/Front/FrontClassWithSpec.js:46:19
showTextEditor/done/</<@resource://devtools/client/inspector/markup/views/text-editor.js:101:25
do@resource://devtools/client/shared/undo.js:70:16
endBatch@resource://devtools/client/shared/undo.js:81:11
do@resource://devtools/client/shared/undo.js:93:10
showTextEditor/done/<@resource://devtools/client/inspector/markup/views/text-editor.js:99:31
process@resource://gre/modules/Promise-backend.js:961:38
walkerLoop@resource://gre/modules/Promise-backend.js:845:29
Promise*scheduleWalkerLoop@resource://gre/modules/Promise-backend.js:775:19
schedulePromise@resource://gre/modules/Promise-backend.js:809:12
completePromise@resource://gre/modules/Promise-backend.js:741:12


###!!! [Child][MessageChannel] Error: (msgtype=0x3A0146,name=PContent::Msg_ScriptError) Channel closing: too late to send/recv, messages will be lost


###!!! [Child][MessageChannel] Error: (msgtype=0xB60006,name=PWebSocket::Msg_DeleteSelf) Channel closing: too late to send/recv, messages will be lost

1615139511375	Marionette	INFO	Stopped listening on port 56094

###!!! [Child][RunMessage] Error: Channel closing: too late to send/recv, messages will be lost

1615139512531	geckodriver	INFO	Listening on 127.0.0.1:56168
1615139515624	mozrunner::runner	INFO	Running command: "C:\\Program Files\\Mozilla Firefox\\firefox.exe" "--marionette" "-foreground" "-no-remote" "-profile" "C:\\Users\\wikto\\AppData\\Local\\Temp\\rust_mozprofileyUqYSc"
JavaScript error: resource://gre/modules/XULStore.jsm, line 66: Error: Can't find profile directory.
console.warn: SearchSettings: "get: No settings file exists, new profile?" (new Error("", "(unknown module)"))
1615139518474	Marionette	INFO	Listening on port 56176
1615139518832	Marionette	WARN	TLS certificate errors will be ignored for this session

###!!! [Child][MessageChannel] Error: (msgtype=0x3A0146,name=PContent::Msg_ScriptError) Channel closing: too late to send/recv, messages will be lost


###!!! [Child][MessageChannel] Error: (msgtype=0xB60006,name=PWebSocket::Msg_DeleteSelf) Channel closing: too late to send/recv, messages will be lost


###!!! [Child][RunMessage] Error: Channel closing: too late to send/recv, messages will be lost

1615139630686	Marionette	INFO	Stopped listening on port 56176

###!!! [Child][RunMessage] Error: Channel closing: too late to send/recv, messages will be lost

1615139632258	geckodriver	INFO	Listening on 127.0.0.1:56272
1615139635351	mozrunner::runner	INFO	Running command: "C:\\Program Files\\Mozilla Firefox\\firefox.exe" "--marionette" "-foreground" "-no-remote" "-profile" "C:\\Users\\wikto\\AppData\\Local\\Temp\\rust_mozprofilebJ15Bf"
JavaScript error: resource://gre/modules/XULStore.jsm, line 66: Error: Can't find profile directory.
console.warn: SearchSettings: "get: No settings file exists, new profile?" (new Error("", "(unknown module)"))
1615139638060	Marionette	INFO	Listening on port 56280
1615139638572	Marionette	WARN	TLS certificate errors will be ignored for this session
console.error: (new TypeError("container.node.targetFront is null", "resource://devtools/client/inspector/markup/markup.js", 2305))
console.error: (new TypeError("container.node.targetFront is null", "resource://devtools/client/inspector/markup/markup.js", 2305))
console.error: (new TypeError("container.node.targetFront is null", "resource://devtools/client/inspector/markup/markup.js", 2305))
1615139714651	Marionette	INFO	Stopped listening on port 56280

###!!! [Child][RunMessage] Error: Channel closing: too late to send/recv, messages will be lost

1615139725908	geckodriver	INFO	Listening on 127.0.0.1:56365
1615139729002	mozrunner::runner	INFO	Running command: "C:\\Program Files\\Mozilla Firefox\\firefox.exe" "--marionette" "-foreground" "-no-remote" "-profile" "C:\\Users\\wikto\\AppData\\Local\\Temp\\rust_mozprofile0TnP0H"
JavaScript error: resource://gre/modules/XULStore.jsm, line 66: Error: Can't find profile directory.
console.warn: SearchSettings: "get: No settings file exists, new profile?" (new Error("", "(unknown module)"))
1615139731857	Marionette	INFO	Listening on port 56373
1615139732208	Marionette	WARN	TLS certificate errors will be ignored for this session
1615139805546	Marionette	INFO	Stopped listening on port 56373

###!!! [Child][RunMessage] Error: Channel closing: too late to send/recv, messages will be lost

"--marionette" "-foreground" "-no-remote" "-profile" "C:\\Users\\wikto\\AppData\\Local\\Temp\\rust_mozprofile6t5SP3"
JavaScript error: resource://gre/modules/XULStore.jsm, line 66: Error: Can't find profile directory.
console.warn: SearchSettings: "get: No settings file exists, new profile?" (new Error("", "(unknown module)"))
1615139767944	Marionette	INFO	Listening on port 56452
1615139768331	Marionette	WARN	TLS certificate errors will be ignored for this session

###!!! [Child][RunMessage] Error: Channel closing: too late to send/recv, messages will be lost


###!!! [Child][RunMessage] Error: Channel closing: too late to send/recv, messages will be lost

1615139922203	Marionette	INFO	Stopped listening on port 56452

###!!! [Child][RunMessage] Error: Channel closing: too late to send/recv, messages will be lost

1615139947163	geckodriver	INFO	Listening on 127.0.0.1:56530
1615139950256	mozrunner::runner	INFO	Running command: "C:\\Program Files\\Mozilla Firefox\\firefox.exe" "--marionette" "-foreground" "-no-remote" "-profile" "C:\\Users\\wikto\\AppData\\Local\\Temp\\rust_mozprofile58KlUv"
JavaScript error: resource://gre/modules/XULStore.jsm, line 66: Error: Can't find profile directory.
console.warn: SearchSettings: "get: No settings file exists, new profile?" (new Error("", "(unknown module)"))
1615139952939	Marionette	INFO	Listening on port 56538
1615139952969	Marionette	WARN	TLS certificate errors will be ignored for this session
1615140053754	Marionette	INFO	Stopped listening on port 56538

###!!! [Child][RunMessage] Error: Channel closing: too late to send/recv, messages will be lost

1615140054716	geckodriver	INFO	Listening on 127.0.0.1:56619
1615140057799	mozrunner::runner	INFO	Running command: "C:\\Program Files\\Mozilla Firefox\\firefox.exe" "--marionette" "-foreground" "-no-remote" "-profile" "C:\\Users\\wikto\\AppData\\Local\\Temp\\rust_mozprofileCXvOom"
JavaScript error: resource://gre/modules/XULStore.jsm, line 66: Error: Can't find profile directory.
console.warn: SearchSettings: "get: No settings file exists, new profile?" (new Error("", "(unknown module)"))
1615140060437	Marionette	INFO	Listening on port 56627
1615140060482	Marionette	WARN	TLS certificate errors will be ignored for this session
1615140085886	Marionette	INFO	Stopped listening on port 56627

###!!! [Child][RunMessage] Error: Channel closing: too late to send/recv, messages will be lost

1615140125755	geckodriver	INFO	Listening on 127.0.0.1:56697
1615140128848	mozrunner::runner	INFO	Running command: "C:\\Program Files\\Mozilla Firefox\\firefox.exe" "--marionette" "-foreground" "-no-remote" "-profile" "C:\\Users\\wikto\\AppData\\Local\\Temp\\rust_mozprofileJfy4HM"
JavaScript error: resource://gre/modules/XULStore.jsm, line 66: Error: Can't find profile directory.
console.warn: SearchSettings: "get: No settings file exists, new profile?" (new Error("", "(unknown module)"))
1615140131692	Marionette	INFO	Listening on port 56705
1615140132073	Marionette	WARN	TLS certificate errors will be ignored for this session
1615140223006	Marionette	INFO	Stopped listening on port 56705
5140172022	mozrunner::runner	INFO	Running command: "C:\\Program Files\\Mozilla Firefox\\firefox.exe" "--marionette" "-foreground" "-no-remote" "-profile" "C:\\Users\\wikto\\AppData\\Local\\Temp\\rust_mozprofilebLYrNN"
JavaScript error: resource://gre/modules/XULStore.jsm, line 66: Error: Can't find profile directory.
console.warn: SearchSettings: "get: No settings file exists, new profile?" (new Error("", "(unknown module)"))
1615140174848	Marionette	INFO	Listening on port 56785
1615140175200	Marionette	WARN	TLS certificate errors will be ignored for this session
1615140223150	Marionette	INFO	Stopped listening on port 56785

###!!! [Child][RunMessage] Error: Channel closing: too late to send/recv, messages will be lost

1615140224074	geckodriver	INFO	Listening on 127.0.0.1:56858
1615140227167	mozrunner::runner	INFO	Running command: "C:\\Program Files\\Mozilla Firefox\\firefox.exe" "--marionette" "-foreground" "-no-remote" "-profile" "C:\\Users\\wikto\\AppData\\Local\\Temp\\rust_mozprofileUgBGG1"
JavaScript error: resource://gre/modules/XULStore.jsm, line 66: Error: Can't find profile directory.
console.warn: SearchSettings: "get: No settings file exists, new profile?" (new Error("", "(unknown module)"))
1615140230024	Marionette	INFO	Listening on port 56866
1615140230381	Marionette	WARN	TLS certificate errors will be ignored for this session

###!!! [Child][RunMessage] Error: Channel closing: too late to send/recv, messages will be lost

1615140260595	Marionette	INFO	Stopped listening on port 56866

###!!! [Child][RunMessage] Error: Channel closing: too late to send/recv, messages will be lost

1615140276114	geckodriver	INFO	Listening on 127.0.0.1:56939
1615140279192	mozrunner::runner	INFO	Running command: "C:\\Program Files\\Mozilla Firefox\\firefox.exe" "--marionette" "-foreground" "-no-remote" "-profile" "C:\\Users\\wikto\\AppData\\Local\\Temp\\rust_mozprofiletGkXlz"
JavaScript error: resource://gre/modules/XULStore.jsm, line 66: Error: Can't find profile directory.
console.warn: SearchSettings: "get: No settings file exists, new profile?" (new Error("", "(unknown module)"))
1615140281892	Marionette	INFO	Listening on port 56947
1615140282410	Marionette	WARN	TLS certificate errors will be ignored for this session
1615140414124	Marionette	INFO	Stopped listening on port 56947

###!!! [Child][RunMessage] Error: Channel closing: too late to send/recv, messages will be lost

1615140415509	geckodriver	INFO	Listening on 127.0.0.1:57025
1615140418591	mozrunner::runner	INFO	Running command: "C:\\Program Files\\Mozilla Firefox\\firefox.exe" "--marionette" "-foreground" "-no-remote" "-profile" "C:\\Users\\wikto\\AppData\\Local\\Temp\\rust_mozprofileUatt6e"
JavaScript error: resource://gre/modules/XULStore.jsm, line 66: Error: Can't find profile directory.
console.warn: SearchSettings: "get: No settings file exists, new profile?" (new Error("", "(unknown module)"))
1615140421419	Marionette	INFO	Listening on port 57033
1615140421795	Marionette	WARN	TLS certificate errors will be ignored for this session
1615141117904	Marionette	INFO	Stopped listening on port 57033

###!!! [Child][RunMessage] Error: Channel closing: too late to send/recv, messages will be lost

1615141120493	geckodriver	INFO	Listening on 127.0.0.1:57136
1615141123571	mozrunner::runner	INFO	Running command: "C:\\Program Files\\Mozilla Firefox\\firefox.exe" "--marionette" "-foreground" "-no-remote" "-profile" "C:\\Users\\wikto\\AppData\\Local\\Temp\\rust_mozprofileQlPSxD"
JavaScript error: resource://gre/modules/XULStore.jsm, line 66: Error: Can't find profile directory.
console.warn: SearchSettings: "get: No settings file exists, new profile?" (new Error("", "(unknown module)"))
1615141126472	Marionette	INFO	Listening on port 57144
1615141126761	Marionette	WARN	TLS certificate errors will be ignored for this session
1615141241665	Marionette	INFO	Stopped listening on port 57144
5141240639	mozrunner::runner	INFO	Running command: "C:\\Program Files\\Mozilla Firefox\\firefox.exe" "--marionette" "-foreground" "-no-remote" "-profile" "C:\\Users\\wikto\\AppData\\Local\\Temp\\rust_mozprofile5fVik1"
JavaScript error: resource://gre/modules/XULStore.jsm, line 66: Error: Can't find profile directory.
console.warn: SearchSettings: "get: No settings file exists, new profile?" (new Error("", "(unknown module)"))
1615141243630	Marionette	INFO	Listening on port 57223
1615141243859	Marionette	WARN	TLS certificate errors will be ignored for this session
1615141781560	Marionette	INFO	Stopped listening on port 57223

###!!! [Child][RunMessage] Error: Channel closing: too late to send/recv, messages will be lost

1615141836808	geckodriver	INFO	Listening on 127.0.0.1:57317
1615141839885	mozrunner::runner	INFO	Running command: "C:\\Program Files\\Mozilla Firefox\\firefox.exe" "--marionette" "-foreground" "-no-remote" "-profile" "C:\\Users\\wikto\\AppData\\Local\\Temp\\rust_mozprofile04Tu4O"
JavaScript error: resource://gre/modules/XULStore.jsm, line 66: Error: Can't find profile directory.
console.warn: SearchSettings: "get: No settings file exists, new profile?" (new Error("", "(unknown module)"))
1615141842739	Marionette	INFO	Listening on port 57325
1615141843123	Marionette	WARN	TLS certificate errors will be ignored for this session
1615141860406	Marionette	INFO	Stopped listening on port 57325

###!!! [Child][RunMessage] Error: Channel closing: too late to send/recv, messages will be lost

1615141913842	geckodriver	INFO	Listening on 127.0.0.1:57397
1615141916936	mozrunner::runner	INFO	Running command: "C:\\Program Files\\Mozilla Firefox\\firefox.exe" "--marionette" "-foreground" "-no-remote" "-profile" "C:\\Users\\wikto\\AppData\\Local\\Temp\\rust_mozprofilefE8IpH"
JavaScript error: resource://gre/modules/XULStore.jsm, line 66: Error: Can't find profile directory.
console.warn: SearchSettings: "get: No settings file exists, new profile?" (new Error("", "(unknown module)"))
1615141919650	Marionette	INFO	Listening on port 57406
1615141920132	Marionette	WARN	TLS certificate errors will be ignored for this session
1615141920643	Marionette	INFO	Stopped listening on port 57406

###!!! [Child][RunMessage] Error: Channel closing: too late to send/recv, messages will be lost

1615141976801	geckodriver	INFO	Listening on 127.0.0.1:57437
1615141979894	mozrunner::runner	INFO	Running command: "C:\\Program Files\\Mozilla Firefox\\firefox.exe" "--marionette" "-foreground" "-no-remote" "-profile" "C:\\Users\\wikto\\AppData\\Local\\Temp\\rust_mozprofileAkLzML"
JavaScript error: resource://gre/modules/XULStore.jsm, line 66: Error: Can't find profile directory.
console.warn: SearchSettings: "get: No settings file exists, new profile?" (new Error("", "(unknown module)"))
1615141982689	Marionette	INFO	Listening on port 57445
JavaScript error: resource://activity-stream/lib/ASRouter.jsm, line 988: NS_ERROR_ILLEGAL_VALUE: Component returned failure code: 0x80070057 (NS_ERROR_ILLEGAL_VALUE) [nsIObserverService.removeObserver]
1615141983132	Marionette	WARN	TLS certificate errors will be ignored for this session
Marionette threw an error: TypeError: this.curBrowser is null
GeckoDriver.prototype.newSession@chrome://marionette/content/driver.js:910:7
despatch@chrome://marionette/content/server.js:297:40
execute@chrome://marionette/content/server.js:267:16
onPacket/<@chrome://marionette/content/server.js:240:20
onPacket@chrome://marionette/content/server.js:241:9
_onJSONObjectReady/<@chrome://marionette/content/transport.js:504:20

[Parent 7628, IPC I/O Parent] WARNING: file /builds/worker/checkouts/gecko/ipc/chromium/src/base/process_util_win.cc:167
1615141983292	Marionette	INFO	Stopped listening on port 57445

###!!! [Child][RunMessage] Error: Channel closing: too late to send/recv, messages will be lost

1615141996235	geckodriver	INFO	Listening on 127.0.0.1:57475
1615141999344	mozrunner::runner	INFO	Running command: "C:\\Program Files\\Mozilla Firefox\\firefox.exe" "--marionette" "-foreground" "-no-remote" "-profile" "C:\\Users\\wikto\\AppData\\Local\\Temp\\rust_mozprofileQQ3r9m"
JavaScript error: resource://gre/modules/XULStore.jsm, line 66: Error: Can't find profile directory.
console.warn: SearchSettings: "get: No settings file exists, new profile?" (new Error("", "(unknown module)"))
1615142002276	Marionette	INFO	Listening on port 57483
1615142002538	Marionette	WARN	TLS certificate errors will be ignored for this session
1615142003240	Marionette	INFO	Stopped listening on port 57483

###!!! [Child][RunMessage] Error: Channel closing: too late to send/recv, messages will be lost

1615142051338	geckodriver	INFO	Listening on 127.0.0.1:57515
1615142054415	mozrunner::runner	INFO	Running command: "C:\\Program Files\\Mozilla Firefox\\firefox.exe" "--marionette" "-foreground" "-no-remote" "-profile" "C:\\Users\\wikto\\AppData\\Local\\Temp\\rust_mozprofile1nsFWY"
JavaScript error: resource://gre/modules/XULStore.jsm, line 66: Error: Can't find profile directory.
console.warn: SearchSettings: "get: No settings file exists, new profile?" (new Error("", "(unknown module)"))
1615142057579	Marionette	INFO	Listening on port 57523
1615142057637	Marionette	WARN	TLS certificate errors will be ignored for this session
console.error: "Error while calling actor 'pagestyle's method 'getLayout'" "node is null"
console.error: "getLayout@resource://devtools/server/actors/page-style.js:1002:5\nhandler@resource://devtools/shared/protocol/Actor.js:172:37\nonPacket@resource://devtools/server/devtools-server-connection.js:379:58\nreceiveMessage@resource://devtools/shared/transport/child-transport.js:68:16\n"
console.error: (new Error("Protocol error (TypeError): node is null from: server0.conn0.child3/pagestyle25 (resource://devtools/server/actors/page-style.js:1002:5)", "resource://devtools/shared/protocol/Front.js", 361))

###!!! [Child][RunMessage] Error: Channel closing: too late to send/recv, messages will be lost

1615142197464	Marionette	INFO	Stopped listening on port 57523

###!!! [Child][RunMessage] Error: Channel closing: too late to send/recv, messages will be lost

1615142198607	geckodriver	INFO	Listening on 127.0.0.1:57604
1615142201700	mozrunner::runner	INFO	Running command: "C:\\Program Files\\Mozilla Firefox\\firefox.exe" "--marionette" "-foreground" "-no-remote" "-profile" "C:\\Users\\wikto\\AppData\\Local\\Temp\\rust_mozprofileGEZ9KK"
JavaScript error: resource://gre/modules/XULStore.jsm, line 66: Error: Can't find profile directory.
console.warn: SearchSettings: "get: No settings file exists, new profile?" (new Error("", "(unknown module)"))
1615142204572	Marionette	INFO	Listening on port 57612
1615142204926	Marionette	WARN	TLS certificate errors will be ignored for this session
1615142256970	geckodriver	INFO	Listening on 127.0.0.1:57660
1615142260063	mozrunner::runner	INFO	Running command: "C:\\Program Files\\Mozilla Firefox\\firefox.exe" "--marionette" "-foreground" "-no-remote" "-profile" "C:\\Users\\wikto\\AppData\\Local\\Temp\\rust_mozprofiletzI4K3"
JavaScript error: resource://gre/modules/XULStore.jsm, line 66: Error: Can't find profile directory.
console.warn: SearchSettings: "get: No settings file exists, new profile?" (new Error("", "(unknown module)"))
1615142262788	Marionette	INFO	Listening on port 57668
1615142263276	Marionette	WARN	TLS certificate errors will be ignored for this session
console.error: "Error while calling actor 'pagestyle's method 'getLayout'" "node is null"
console.error: "getLayout@resource://devtools/server/actors/page-style.js:1002:5\nhandler@resource://devtools/shared/protocol/Actor.js:172:37\nonPacket@resource://devtools/server/devtools-server-connection.js:379:58\nreceiveMessage@resource://devtools/shared/transport/child-transport.js:68:16\n"
console.error: (new Error("Protocol error (TypeError): node is null from: server0.conn0.child3/pagestyle26 (resource://devtools/server/actors/page-style.js:1002:5)", "resource://devtools/shared/protocol/Front.js", 361))
1615142436614	Marionette	INFO	Stopped listening on port 57668

###!!! [Child][RunMessage] Error: Channel closing: too late to send/recv, messages will be lost

1615142438011	geckodriver	INFO	Listening on 127.0.0.1:57759
1615142441104	mozrunner::runner	INFO	Running command: "C:\\Program Files\\Mozilla Firefox\\firefox.exe" "--marionette" "-foreground" "-no-remote" "-profile" "C:\\Users\\wikto\\AppData\\Local\\Temp\\rust_mozprofileo6xlCM"
JavaScript error: resource://gre/modules/XULStore.jsm, line 66: Error: Can't find profile directory.
console.warn: SearchSettings: "get: No settings file exists, new profile?" (new Error("", "(unknown module)"))
1615142443835	Marionette	INFO	Listening on port 57767
1615142444308	Marionette	WARN	TLS certificate errors will be ignored for this session
1615142581839	Marionette	INFO	Stopped listening on port 57761615142583208	mozrunner::runner	INFO	Running command: "C:\\Program Files\\Mozilla Firefox\\firefox.exe" "--marionette" "-foreground" "-no-remote" "-profile" "C:\\Users\\wikto\\AppData\\Local\\Temp\\rust_mozprofilewNTMkO"
JavaScript error: resource://gre/modules/XULStore.jsm, line 66: Error: Can't find profile directory.
console.warn: SearchSettings: "get: No settings file exists, new profile?" (new Error("", "(unknown module)"))
1615142586019	Marionette	INFO	Listening on port 57853
1615142586400	Marionette	WARN	TLS certificate errors will be ignored for this session
1615142631957	Marionette	INFO	Stopped listening on port 57851615142632887	mozrunner::runner	INFO	Running command: "C:\\Program Files\\Mozilla Firefox\\firefox.exe" "--marionette" "-foreground" "-no-remote" "-profile" "C:\\Users\\wikto\\AppData\\Local\\Temp\\rust_mozprofileTcXslV"
JavaScript error: resource://gre/modules/XULStore.jsm, line 66: Error: Can't find profile directory.
console.warn: SearchSettings: "get: No settings file exists, new profile?" (new Error("", "(unknown module)"))
1615142635841	Marionette	INFO	Listening on port 57937
1615142636103	Marionette	WARN	TLS certificate errors will be ignored for this session

###!!! [Child][RunMessage] Error: Channel closing: too late to send/recv, messages will be lost

1615142811283	Marionette	INFO	Stopped listening on port 57937

###!!! [Child][RunMessage] Error: Channel closing: too late to send/recv, messages will be lost

1615142814035	geckodriver	INFO	Listening on 127.0.0.1:58016
1615142817129	mozrunner::runner	INFO	Running command: "C:\\Program Files\\Mozilla Firefox\\firefox.exe" "--marionette" "-foreground" "-no-remote" "-profile" "C:\\Users\\wikto\\AppData\\Local\\Temp\\rust_mozprofileNRyxRR"
JavaScript error: resource://gre/modules/XULStore.jsm, line 66: Error: Can't find profile directory.
console.warn: SearchSettings: "get: No settings file exists, new profile?" (new Error("", "(unknown module)"))
1615142819767	Marionette	INFO	Listening on port 58024
1615142819840	Marionette	WARN	TLS certificate errors will be ignored for this session
1615143034059	Marionette	INFO	Stopped listening on port 58024

###!!! [Child][RunMessage] Error: Channel closing: too late to send/recv, messages will be lost

1615143036021	geckodriver	INFO	Listening on 127.0.0.1:58105
1615143039099	mozrunner::runner	INFO	Running command: "C:\\Program Files\\Mozilla Firefox\\firefox.exe" "--marionette" "-foreground" "-no-remote" "-profile" "C:\\Users\\wikto\\AppData\\Local\\Temp\\rust_mozprofileZBtu5B"
JavaScript error: resource://gre/modules/XULStore.jsm, line 66: Error: Can't find profile directory.
console.warn: SearchSettings: "get: No settings file exists, new profile?" (new Error("", "(unknown module)"))
1615143041743	Marionette	INFO	Listening on port 58113
1615143041802	Marionette	WARN	TLS certificate errors will be ignored for this session
1615143365300	Marionette	INFO	Stopped listening on port 58113

###!!! [Child][RunMessage] Error: Channel closing: too late to send/recv, messages will be lost

1615143366230	geckodriver	INFO	Listening on 127.0.0.1:58206
1615143369309	mozrunner::runner	INFO	Running command: "C:\\Program Files\\Mozilla Firefox\\firefox.exe" "--marionette" "-foreground" "-no-remote" "-profile" "C:\\Users\\wikto\\AppData\\Local\\Temp\\rust_mozprofileEgNMKj"
JavaScript error: resource://gre/modules/XULStore.jsm, line 66: Error: Can't find profile directory.
console.warn: SearchSettings: "get: No settings file exists, new profile?" (new Error("", "(unknown module)"))
1615143372156	Marionette	INFO	Listening on port 58214
1615143372535	Marionette	WARN	TLS certificate errors will be ignored for this session
1615143442561	Marionette	INFO	Stopped listening on port 58214

###!!! [Child][RunMessage] Error: Channel closing: too late to send/recv, messages will be lost

1615143443522	geckodriver	INFO	Listening on 127.0.0.1:58290
1615143446600	mozrunner::runner	INFO	Running command: "C:\\Program Files\\Mozilla Firefox\\firefox.exe" "--marionette" "-foreground" "-no-remote" "-profile" "C:\\Users\\wikto\\AppData\\Local\\Temp\\rust_mozprofilet3oIkl"
JavaScript error: resource://gre/modules/XULStore.jsm, line 66: Error: Can't find profile directory.
console.warn: SearchSettings: "get: No settings file exists, new profile?" (new Error("", "(unknown module)"))
1615143449552	Marionette	INFO	Listening on port 58298
1615143449801	Marionette	WARN	TLS certificate errors will be ignored for this session
1615143506082	Marionette	INFO	Stopped listening on port 58298

###!!! [Child][RunMessage] Error: Channel closing: too late to send/recv, messages will be lost

1615143551725	geckodriver	INFO	Listening on 127.0.0.1:58429
1615143554818	mozrunner::runner	INFO	Running command: "C:\\Program Files\\Mozilla Firefox\\firefox.exe" "--marionette" "-foreground" "-no-remote" "-profile" "C:\\Users\\wikto\\AppData\\Local\\Temp\\rust_mozprofilegX5ful"
JavaScript error: resource://gre/modules/XULStore.jsm, line 66: Error: Can't find profile directory.
console.warn: SearchSettings: "get: No settings file exists, new profile?" (new Error("", "(unknown module)"))
1615143557677	Marionette	INFO	Listening on port 58437
1615143558027	Marionette	WARN	TLS certificate errors will be ignored for this session
1615143644030	Marionette	INFO	Stopped listening on port 58437

###!!! [Child][RunMessage] Error: Channel closing: too late to send/recv, messages will be lost

1615143645089	geckodriver	INFO	Listening on 127.0.0.1:58516
1615143648182	mozrunner::runner	INFO	Running command: "C:\\Program Files\\Mozilla Firefox\\firefox.exe" "--marionette" "-foreground" "-no-remote" "-profile" "C:\\Users\\wikto\\AppData\\Local\\Temp\\rust_mozprofilevLjSyG"
JavaScript error: resource://gre/modules/XULStore.jsm, line 66: Error: Can't find profile directory.
console.warn: SearchSettings: "get: No settings file exists, new profile?" (new Error("", "(unknown module)"))
1615143650922	Marionette	INFO	Listening on port 58524
1615143651394	Marionette	WARN	TLS certificate errors will be ignored for this session
JavaScript error: resource://gre/actors/PictureInPictureChild.jsm, line 453: TypeError: this.contentWindow is null
JavaScript error: resource://gre/actors/PictureInPictureChild.jsm, line 569: TypeError: this.contentWindow is null
JavaScript error: resource://gre/actors/PictureInPictureChild.jsm, line 299: InvalidStateError: JSWindowActorChild.contentWindow getter: Cannot access property 'contentWindow' after actor 'PictureInPictureToggle' has been destroyed
JavaScript error: resource://gre/actors/PictureInPictureChild.jsm, line 299: InvalidStateError: JSWindowActorChild.contentWindow getter: Cannot access property 'contentWindow' after actor 'PictureInPictureToggle' has been destroyed
1615143774966	Marionette	INFO	Stopped listening on port 58524

###!!! [Child][RunMessage] Error: Channel closing: too late to send/recv, messages will be lost

1615144604039	geckodriver	INFO	Listening on 127.0.0.1:60066
1615144607132	mozrunner::runner	INFO	Running command: "C:\\Program Files\\Mozilla Firefox\\firefox.exe" "--marionette" "-foreground" "-no-remote" "-profile" "C:\\Users\\wikto\\AppData\\Local\\Temp\\rust_mozprofiledYVay8"
JavaScript error: resource://gre/modules/XULStore.jsm, line 66: Error: Can't find profile directory.
console.warn: SearchSettings: "get: No settings file exists, new profile?" (new Error("", "(unknown module)"))
1615144610055	Marionette	INFO	Listening on port 60074
1615144610334	Marionette	WARN	TLS certificate errors will be ignored for this session
1615144878541	Marionette	INFO	Stopped listening on port 60074

###!!! [Child][RunMessage] Error: Channel closing: too late to send/recv, messages will be lost

1615144879924	geckodriver	INFO	Listening on 127.0.0.1:60160
1615144883018	mozrunner::runner	INFO	Running command: "C:\\Program Files\\Mozilla Firefox\\firefox.exe" "--marionette" "-foreground" "-no-remote" "-profile" "C:\\Users\\wikto\\AppData\\Local\\Temp\\rust_mozprofilejzsGtB"
JavaScript error: resource://gre/modules/XULStore.jsm, line 66: Error: Can't find profile directory.
console.warn: SearchSettings: "get: No settings file exists, new profile?" (new Error("", "(unknown module)"))
1615144885735	Marionette	INFO	Listening on port 60168
1615144886257	Marionette	WARN	TLS certificate errors will be ignored for this session
1615146128018	Marionette	INFO	Stopped listening on port 60168

###!!! [Child][RunMessage] Error: Channel closing: too late to send/recv, messages will be lost

1615146128951	geckodriver	INFO	Listening on 127.0.0.1:60288
1615146132030	mozrunner::runner	INFO	Running command: "C:\\Program Files\\Mozilla Firefox\\firefox.exe" "--marionette" "-foreground" "-no-remote" "-profile" "C:\\Users\\wikto\\AppData\\Local\\Temp\\rust_mozprofilermE4Kb"
JavaScript error: resource://gre/modules/XULStore.jsm, line 66: Error: Can't find profile directory.
console.warn: SearchSettings: "get: No settings file exists, new profile?" (new Error("", "(unknown module)"))
1615146135132	Marionette	INFO	Listening on port 60296
1615146135274	Marionette	WARN	TLS certificate errors will be ignored for this session
JavaScript error: resource://gre/actors/PictureInPictureChild.jsm, line 569: TypeError: this.contentWindow is null
1615146178836	Marionette	INFO	Stopped listening on port 60296

###!!! [Child][RunMessage] Error: Channel closing: too late to send/recv, messages will be lost

1615146187681	geckodriver	INFO	Listening on 127.0.0.1:60374
1615146190758	mozrunner::runner	INFO	Running command: "C:\\Program Files\\Mozilla Firefox\\firefox.exe" "--marionette" "-foreground" "-no-remote" "-profile" "C:\\Users\\wikto\\AppData\\Local\\Temp\\rust_mozprofileEB3O9R"
JavaScript error: resource://gre/modules/XULStore.jsm, line 66: Error: Can't find profile directory.
console.warn: SearchSettings: "get: No settings file exists, new profile?" (new Error("", "(unknown module)"))
1615146193411	Marionette	INFO	Listening on port 60382
1615146193482	Marionette	WARN	TLS certificate errors will be ignored for this session
1615146376584	Marionette	INFO	Stopped listening on port 60382

###!!! [Child][RunMessage] Error: Channel closing: too late to send/recv, messages will be lost

1615146377428	geckodriver	INFO	Listening on 127.0.0.1:60464
1615146380521	mozrunner::runner	INFO	Running command: "C:\\Program Files\\Mozilla Firefox\\firefox.exe" "--marionette" "-foreground" "-no-remote" "-profile" "C:\\Users\\wikto\\AppData\\Local\\Temp\\rust_mozprofileZdAk41"
JavaScript error: resource://gre/modules/XULStore.jsm, line 66: Error: Can't find profile directory.
console.warn: SearchSettings: "get: No settings file exists, new profile?" (new Error("", "(unknown module)"))
1615146383177	Marionette	INFO	Listening on port 60472
1615146383264	Marionette	WARN	TLS certificate errors will be ignored for this session

###!!! [Child][RunMessage] Error: Channel closing: too late to send/recv, messages will be lost

1615146418931	Marionette	INFO	Stopped listening on port 60472

###!!! [Child][RunMessage] Error: Channel closing: too late to send/recv, messages will be lost

1615146464788	geckodriver	INFO	Listening on 127.0.0.1:60544
1615146467881	mozrunner::runner	INFO	Running command: "C:\\Program Files\\Mozilla Firefox\\firefox.exe" "--marionette" "-foreground" "-no-remote" "-profile" "C:\\Users\\wikto\\AppData\\Local\\Temp\\rust_mozprofile7jWIW1"
JavaScript error: resource://gre/modules/XULStore.jsm, line 66: Error: Can't find profile directory.
console.warn: SearchSettings: "get: No settings file exists, new profile?" (new Error("", "(unknown module)"))
1615146470787	Marionette	INFO	Listening on port 60552
1615146471083	Marionette	WARN	TLS certificate errors will be ignored for this session
1615146670415	geckodriver	INFO	Listening on 127.0.0.1:60625
1615146673508	mozrunner::runner	INFO	Running command: "C:\\Program Files\\Mozilla Firefox\\firefox.exe" "--marionette" "-foreground" "-no-remote" "-profile" "C:\\Users\\wikto\\AppData\\Local\\Temp\\rust_mozprofileWpSZLe"
JavaScript error: resource://gre/modules/XULStore.jsm, line 66: Error: Can't find profile directory.
console.warn: SearchSettings: "get: No settings file exists, new profile?" (new Error("", "(unknown module)"))
1615146676180	Marionette	INFO	Listening on port 60633
1615146676225	Marionette	WARN	TLS certificate errors will be ignored for this session
1615146734651	Marionette	INFO	Stopped listening on port 60633

###!!! [Child][RunMessage] Error: Channel closing: too late to send/recv, messages will be lost

1615146735560	geckodriver	INFO	Listening on 127.0.0.1:60706
1615146738653	mozrunner::runner	INFO	Running command: "C:\\Program Files\\Mozilla Firefox\\firefox.exe" "--marionette" "-foreground" "-no-remote" "-profile" "C:\\Users\\wikto\\AppData\\Local\\Temp\\rust_mozprofile2mWsgU"
JavaScript error: resource://gre/modules/XULStore.jsm, line 66: Error: Can't find profile directory.
console.warn: SearchSettings: "get: No settings file exists, new profile?" (new Error("", "(unknown module)"))
1615146741419	Marionette	INFO	Listening on port 60715
1615146741857	Marionette	WARN	TLS certificate errors will be ignored for this session
1615146870505	geckodriver	INFO	Listening on 127.0.0.1:60863
1615146873598	mozrunner::runner	INFO	Running command: "C:\\Program Files\\Mozilla Firefox\\firefox.exe" "--marionette" "-foreground" "-no-remote" "-profile" "C:\\Users\\wikto\\AppData\\Local\\Temp\\rust_mozprofileXoeOaV"
JavaScript error: resource://gre/modules/XULStore.jsm, line 66: Error: Can't find profile directory.
console.warn: SearchSettings: "get: No settings file exists, new profile?" (new Error("", "(unknown module)"))
1615146876242	Marionette	INFO	Listening on port 60871
1615146876313	Marionette	WARN	TLS certificate errors will be ignored for this session
A content process crashed and MOZ_CRASHREPORTER_SHUTDOWN is set, shutting down

###!!! [Parent][MessageChannel] Error: (msgtype=0x3A0149,name=PContent::Msg_AsyncMessage) Channel error: cannot send/recv


###!!! [Parent][MessageChannel] Error: (msgtype=0x3A0149,name=PContent::Msg_AsyncMessage) Channel error: cannot send/recv


###!!! [Parent][MessageChannel] Error: (msgtype=0x3A0149,name=PContent::Msg_AsyncMessage) Channel error: cannot send/recv


###!!! [Parent][MessageChannel] Error: (msgtype=0x3A0149,name=PContent::Msg_AsyncMessage) Channel error: cannot send/recv


###!!! [Parent][MessageChannel] Error: (msgtype=0x3A0149,name=PContent::Msg_AsyncMessage) Channel error: cannot send/recv


###!!! [Parent][MessageChannel] Error: (msgtype=0x3A0149,name=PContent::Msg_AsyncMessage) Channel error: cannot send/recv


###!!! [Parent][MessageChannel] Error: (msgtype=0x3A001F,name=PContent::Msg_RegisterChromeItem) Channel error: cannot send/recv


###!!! [Parent][MessageChannel] Error: (msgtype=0x230050,name=PBrowser::Msg_FlushTabState) Channel error: cannot send/recv


###!!! [Parent][MessageChannel] Error: (msgtype=0x230098,name=PBrowser::Msg_Destroy) Channel error: cannot send/recv


###!!! [Parent][MessageChannel] Error: (msgtype=0x3A0149,name=PContent::Msg_AsyncMessage) Channel error: cannot send/recv


###!!! [Parent][MessageChannel] Error: (msgtype=0x3A0149,name=PContent::Msg_AsyncMessage) Channel error: cannot send/recv


###!!! [Parent][MessageChannel] Error: (msgtype=0x230050,name=PBrowser::Msg_FlushTabState) Channel error: cannot send/recv


###!!! [Parent][MessageChannel] Error: (msgtype=0x230098,name=PBrowser::Msg_Destroy) Channel error: cannot send/recv


###!!! [Parent][MessageChannel] Error: (msgtype=0x3A0149,name=PContent::Msg_AsyncMessage) Channel error: cannot send/recv


###!!! [Parent][MessageChannel] Error: (msgtype=0x3A0149,name=PContent::Msg_AsyncMessage) Channel error: cannot send/recv

[Parent 16228, IPC I/O Parent] WARNING: pipe error: 232: file /builds/worker/checkouts/gecko/ipc/chromium/src/chrome/common/ipc_channel_win.cc:545

###!!! [Parent][MessageChannel] Error: (msgtype=0x3A0149,name=PContent::Msg_AsyncMessage) Channel error: cannot send/recv


###!!! [Parent][MessageChannel] Error: (msgtype=0x3A0149,name=PContent::Msg_AsyncMessage) Channel error: cannot send/recv


###!!! [Parent][MessageChannel] Error: (msgtype=0x3A0149,name=PContent::Msg_AsyncMessage) Channel error: cannot send/recv


###!!! [Parent][MessageChannel] Error: (msgtype=0x3A0149,name=PContent::Msg_AsyncMessage) Channel error: cannot send/recv


###!!! [Parent][MessageChannel] Error: (msgtype=0x3A0149,name=PContent::Msg_AsyncMessage) Channel error: cannot send/recv


###!!! [Parent][MessageChannel] Error: (msgtype=0x3A0149,name=PContent::Msg_AsyncMessage) Channel error: cannot send/recv


###!!! [Parent][MessageChannel] Error: (msgtype=0x3A0149,name=PContent::Msg_AsyncMessage) Channel error: cannot send/recv


###!!! [Parent][MessageChannel] Error: (msgtype=0x3A0149,name=PContent::Msg_AsyncMessage) Channel error: cannot send/recv


###!!! [Parent][MessageChannel] Error: (msgtype=0x230050,name=PBrowser::Msg_FlushTabState) Channel error: cannot send/recv


###!!! [Parent][MessageChannel] Error: (msgtype=0x230098,name=PBrowser::Msg_Destroy) Channel error: cannot send/recv


###!!! [Parent][MessageChannel] Error: (msgtype=0x3A0149,name=PContent::Msg_AsyncMessage) Channel error: cannot send/recv


###!!! [Parent][MessageChannel] Error: (msgtype=0x3A0149,name=PContent::Msg_AsyncMessage) Channel error: cannot send/recv


###!!! [Parent][MessageChannel] Error: (msgtype=0x3A0149,name=PContent::Msg_AsyncMessage) Channel error: cannot send/recv


###!!! [Parent][MessageChannel] Error: (msgtype=0x3A0149,name=PContent::Msg_AsyncMessage) Channel error: cannot send/recv


###!!! [Parent][MessageChannel] Error: (msgtype=0x3A0149,name=PContent::Msg_AsyncMessage) Channel error: cannot send/recv


###!!! [Parent][MessageChannel] Error: (msgtype=0x3A0149,name=PContent::Msg_AsyncMessage) Channel error: cannot send/recv


###!!! [Parent][MessageChannel] Error: (msgtype=0x3A0149,name=PContent::Msg_AsyncMessage) Channel error: cannot send/recv


###!!! [Parent][MessageChannel] Error: (msgtype=0x3A0149,name=PContent::Msg_AsyncMessage) Channel error: cannot send/recv


###!!! [Parent][MessageChannel] Error: (msgtype=0x3A0149,name=PContent::Msg_AsyncMessage) Channel error: cannot send/recv


###!!! [Parent][MessageChannel] Error: (msgtype=0x3A0149,name=PContent::Msg_AsyncMessage) Channel error: cannot send/recv


###!!! [Parent][MessageChannel] Error: (msgtype=0x3A0149,name=PContent::Msg_AsyncMessage) Channel error: cannot send/recv


###!!! [Parent][MessageChannel] Error: (msgtype=0x3A0149,name=PContent::Msg_AsyncMessage) Channel error: cannot send/recv


###!!! [Parent][MessageChannel] Error: (msgtype=0x3A0149,name=PContent::Msg_AsyncMessage) Channel error: cannot send/recv


###!!! [Parent][MessageChannel] Error: (msgtype=0x3A0149,name=PContent::Msg_AsyncMessage) Channel error: cannot send/recv


###!!! [Parent][MessageChannel] Error: (msgtype=0x3A0149,name=PContent::Msg_AsyncMessage) Channel error: cannot send/recv


###!!! [Parent][MessageChannel] Error: (msgtype=0x3A0149,name=PContent::Msg_AsyncMessage) Channel error: cannot send/recv


###!!! [Parent][MessageChannel] Error: (msgtype=0x3A0149,name=PContent::Msg_AsyncMessage) Channel error: cannot send/recv


###!!! [Parent][MessageChannel] Error: (msgtype=0x3A0149,name=PContent::Msg_AsyncMessage) Channel error: cannot send/recv


###!!! [Parent][MessageChannel] Error: (msgtype=0x3A003A,name=PContent::Msg_UpdateSharedData) Channel error: cannot send/recv


###!!! [Parent][MessageChannel] Error: (msgtype=0x3A003A,name=PContent::Msg_UpdateSharedData) Channel error: cannot send/recv


###!!! [Parent][MessageChannel] Error: (msgtype=0x3A003A,name=PContent::Msg_UpdateSharedData) Channel error: cannot send/recv

JavaScript error: resource:///modules/sessionstore/SessionStore.jsm, line 2294: TypeError: subject.QueryInterface is not a function
JavaScript error: resource:///modules/sessionstore/SessionStore.jsm, line 2294: TypeError: subject.QueryInterface is not a function
JavaScript error: resource:///modules/sessionstore/SessionStore.jsm, line 2294: TypeError: subject.QueryInterface is not a function
A content process crashed and MOZ_CRASHREPORTER_SHUTDOWN is set, shutting down

###!!! [Parent][MessageChannel] Error: (msgtype=0x3A0028,name=PContent::Msg_PreferenceUpdate) Channel error: cannot send/recv


###!!! [Parent][RunMessage] Error: Channel error: cannot send/recv


###!!! [Parent][RunMessage] Error: Channel error: cannot send/recv


###!!! [Parent][RunMessage] Error: Channel error: cannot send/recv


###!!! [Parent][RunMessage] Error: Channel error: cannot send/recv


###!!! [Parent][RunMessage] Error: Channel error: cannot send/recv


###!!! [Parent][RunMessage] Error: Channel error: cannot send/recv


###!!! [Parent][RunMessage] Error: Channel error: cannot send/recv


###!!! [Parent][RunMessage] Error: Channel error: cannot send/recv


###!!! [Parent][RunMessage] Error: Channel error: cannot send/recv

JavaScript error: resource:///modules/sessionstore/SessionStore.jsm, line 2294: TypeError: subject.QueryInterface is not a function
1615146894001	geckodriver	INFO	Listening on 127.0.0.1:60935
1615146897094	mozrunner::runner	INFO	Running command: "C:\\Program Files\\Mozilla Firefox\\firefox.exe" "--marionette" "-foreground" "-no-remote" "-profile" "C:\\Users\\wikto\\AppData\\Local\\Temp\\rust_mozprofiledMpAim"
JavaScript error: resource://gre/modules/XULStore.jsm, line 66: Error: Can't find profile directory.
console.warn: SearchSettings: "get: No settings file exists, new profile?" (new Error("", "(unknown module)"))
1615146899821	Marionette	INFO	Listening on port 60943
1615146900301	Marionette	WARN	TLS certificate errors will be ignored for this session
1615147076322	geckodriver	INFO	Listening on 127.0.0.1:61051
1615147079385	mozrunner::runner	INFO	Running command: "C:\\Program Files\\Mozilla Firefox\\firefox.exe" "--marionette" "-foreground" "-no-remote" "-profile" "C:\\Users\\wikto\\AppData\\Local\\Temp\\rust_mozprofileHY0FO3"
JavaScript error: resource://gre/modules/XULStore.jsm, line 66: Error: Can't find profile directory.
console.warn: SearchSettings: "get: No settings file exists, new profile?" (new Error("", "(unknown module)"))
1615147082437	Marionette	INFO	Listening on port 61059
1615147082590	Marionette	WARN	TLS certificate errors will be ignored for this session
1615147171130	geckodriver	INFO	Listening on 127.0.0.1:61132
1615147174223	mozrunner::runner	INFO	Running command: "C:\\Program Files\\Mozilla Firefox\\firefox.exe" "--marionette" "-foreground" "-no-remote" "-profile" "C:\\Users\\wikto\\AppData\\Local\\Temp\\rust_mozprofileWpmIjV"
JavaScript error: resource://gre/modules/XULStore.jsm, line 66: Error: Can't find profile directory.
console.warn: SearchSettings: "get: No settings file exists, new profile?" (new Error("", "(unknown module)"))
1615147176824	Marionette	INFO	Listening on port 61140
1615147176928	Marionette	WARN	TLS certificate errors will be ignored for this session
1615147930438	geckodriver	INFO	Listening on 127.0.0.1:61316
1615147933531	mozrunner::runner	INFO	Running command: "C:\\Program Files\\Mozilla Firefox\\firefox.exe" "--marionette" "-foreground" "-no-remote" "-profile" "C:\\Users\\wikto\\AppData\\Local\\Temp\\rust_mozprofilejF5cqk"
JavaScript error: resource://gre/modules/XULStore.jsm, line 66: Error: Can't find profile directory.
console.warn: SearchSettings: "get: No settings file exists, new profile?" (new Error("", "(unknown module)"))
1615147936401	Marionette	INFO	Listening on port 61324
1615147936756	Marionette	WARN	TLS certificate errors will be ignored for this session
1615148117542	geckodriver	INFO	Listening on 127.0.0.1:61397
1615148120620	mozrunner::runner	INFO	Running command: "C:\\Program Files\\Mozilla Firefox\\firefox.exe" "--marionette" "-foreground" "-no-remote" "-profile" "C:\\Users\\wikto\\AppData\\Local\\Temp\\rust_mozprofileV5m0qi"
JavaScript error: resource://gre/modules/XULStore.jsm, line 66: Error: Can't find profile directory.
console.warn: SearchSettings: "get: No settings file exists, new profile?" (new Error("", "(unknown module)"))
1615148123442	Marionette	INFO	Listening on port 61405
1615148123826	Marionette	WARN	TLS certificate errors will be ignored for this session
